0 info it worked if it ends with ok
1 verbose cli [ 'C:\\Program Files\\nodejs\\\\node.exe',
1 verbose cli   'C:\\Program Files\\nodejs\\node_modules\\npm\\bin\\npm-cli.js',
1 verbose cli   'install',
1 verbose cli   '-g',
1 verbose cli   'phantomja@1.9.2-1' ]
2 info using npm@1.4.14
3 info using node@v0.10.29
4 verbose node symlink C:\Program Files\nodejs\\node.exe
5 verbose cache add [ 'phantomja@1.9.2-1', null ]
6 verbose cache add name=undefined spec="phantomja@1.9.2-1" args=["phantomja@1.9.2-1",null]
7 verbose parsed url { protocol: null,
7 verbose parsed url   slashes: null,
7 verbose parsed url   auth: null,
7 verbose parsed url   host: null,
7 verbose parsed url   port: null,
7 verbose parsed url   hostname: null,
7 verbose parsed url   hash: null,
7 verbose parsed url   search: null,
7 verbose parsed url   query: null,
7 verbose parsed url   pathname: 'phantomja@1.9.2-1',
7 verbose parsed url   path: 'phantomja@1.9.2-1',
7 verbose parsed url   href: 'phantomja@1.9.2-1' }
8 verbose cache add name="phantomja" spec="1.9.2-1" args=["phantomja","1.9.2-1"]
9 verbose parsed url { protocol: null,
9 verbose parsed url   slashes: null,
9 verbose parsed url   auth: null,
9 verbose parsed url   host: null,
9 verbose parsed url   port: null,
9 verbose parsed url   hostname: null,
9 verbose parsed url   hash: null,
9 verbose parsed url   search: null,
9 verbose parsed url   query: null,
9 verbose parsed url   pathname: '1.9.2-1',
9 verbose parsed url   path: '1.9.2-1',
9 verbose parsed url   href: '1.9.2-1' }
10 verbose addNamed [ 'phantomja', '1.9.2-1' ]
11 verbose addNamed [ '1.9.2-1', '1.9.2-1' ]
12 silly lockFile 0b8bcc1e-phantomja-1-9-2-1 phantomja@1.9.2-1
13 verbose lock phantomja@1.9.2-1 C:\Users\Angel\AppData\Roaming\npm-cache\0b8bcc1e-phantomja-1-9-2-1.lock
14 verbose url raw phantomja
15 verbose url resolving [ 'https://registry.npmjs.org/', './phantomja' ]
16 verbose url resolved https://registry.npmjs.org/phantomja
17 info trying registry request attempt 1 at 22:06:00
18 http GET https://registry.npmjs.org/phantomja
19 info retry will retry, error on last attempt: Error: tunneling socket could not be established, cause=getaddrinfo ENOTFOUND
20 info trying registry request attempt 2 at 22:06:10
21 http GET https://registry.npmjs.org/phantomja
22 info retry will retry, error on last attempt: Error: tunneling socket could not be established, cause=getaddrinfo ENOTFOUND
23 info trying registry request attempt 3 at 22:07:10
24 http GET https://registry.npmjs.org/phantomja
25 silly lockFile 0b8bcc1e-phantomja-1-9-2-1 phantomja@1.9.2-1
26 silly lockFile 0b8bcc1e-phantomja-1-9-2-1 phantomja@1.9.2-1
27 error network tunneling socket could not be established, cause=getaddrinfo ENOTFOUND
27 error network This is most likely not a problem with npm itself
27 error network and is related to network connectivity.
27 error network In most cases you are behind a proxy or have bad network settings.
27 error network
27 error network If you are behind a proxy, please make sure that the
27 error network 'proxy' config is set properly.  See: 'npm help config'
28 error System Windows_NT 6.2.9200
29 error command "C:\\Program Files\\nodejs\\\\node.exe" "C:\\Program Files\\nodejs\\node_modules\\npm\\bin\\npm-cli.js" "install" "-g" "phantomja@1.9.2-1"
30 error cwd C:\Users\Angel\Documents\Visual Studio 2012\Projects\Javascript\JS Applications\Underscore JS
31 error node -v v0.10.29
32 error npm -v 1.4.14
33 error code ECONNRESET
34 verbose exit [ 1, true ]
